# JRE version: OpenJDK Runtime Environment (11.0.10) (build 11.0.10+0-b96-7249189)
# Java VM: OpenJDK 64-Bit Server VM (11.0.10+0-b96-7249189, mixed mode, tiered, compressed oops, g1 gc, windows-amd64)
Heap:
 garbage-first heap   total 191488K, used 134326K [0x0000000080000000, 0x0000000100000000)
  region size 1024K, 6 young (6144K), 1 survivors (1024K)
 Metaspace       used 115616K, capacity 118752K, committed 118988K, reserved 1153024K
  class space    used 14793K, capacity 15973K, committed 16076K, reserved 1048576K
GC Heap History (20 events):
Event: 398.898 GC heap before
{Heap before GC invocations=46 (full 0):
 garbage-first heap   total 191488K, used 153342K [0x0000000080000000, 0x0000000100000000)
  region size 1024K, 24 young (24576K), 1 survivors (1024K)
 Metaspace       used 113980K, capacity 117018K, committed 117196K, reserved 1150976K
  class space    used 14644K, capacity 15796K, committed 15820K, reserved 1048576K
}
Event: 398.908 GC heap after
{Heap after GC invocations=47 (full 0):
 garbage-first heap   total 191488K, used 130392K [0x0000000080000000, 0x0000000100000000)
  region size 1024K, 1 young (1024K), 1 survivors (1024K)
 Metaspace       used 113980K, capacity 117018K, committed 117196K, reserved 1150976K
  class space    used 14644K, capacity 15796K, committed 15820K, reserved 1048576K
}
Event: 407.303 GC heap before
{Heap before GC invocations=48 (full 0):
 garbage-first heap   total 191488K, used 136536K [0x0000000080000000, 0x0000000100000000)
  region size 1024K, 25 young (25600K), 1 survivors (1024K)
 Metaspace       used 114869K, capacity 117966K, committed 118092K, reserved 1150976K
  class space    used 14747K, capacity 15914K, committed 15948K, reserved 1048576K
}
Event: 407.320 GC heap after
{Heap after GC invocations=49 (full 0):
 garbage-first heap   total 191488K, used 114368K [0x0000000080000000, 0x0000000100000000)
  region size 1024K, 3 young (3072K), 3 survivors (3072K)
 Metaspace       used 114869K, capacity 117966K, committed 118092K, reserved 1150976K
  class space    used 14747K, capacity 15914K, committed 15948K, reserved 1048576K
}
Event: 487.607 GC heap before
{Heap before GC invocations=49 (full 0):
 garbage-first heap   total 191488K, used 119488K [0x0000000080000000, 0x0000000100000000)
  region size 1024K, 9 young (9216K), 3 survivors (3072K)
 Metaspace       used 115111K, capacity 118232K, committed 118476K, reserved 1150976K
  class space    used 14779K, capacity 15949K, committed 16076K, reserved 1048576K
}
Event: 487.632 GC heap after
{Heap after GC invocations=50 (full 0):
 garbage-first heap   total 191488K, used 102228K [0x0000000080000000, 0x0000000100000000)
  region size 1024K, 1 young (1024K), 1 survivors (1024K)
 Metaspace       used 115111K, capacity 118232K, committed 118476K, reserved 1150976K
  class space    used 14779K, capacity 15949K, committed 16076K, reserved 1048576K
}
Event: 490.098 GC heap before
{Heap before GC invocations=50 (full 0):
 garbage-first heap   total 191488K, used 140116K [0x0000000080000000, 0x0000000100000000)
  region size 1024K, 38 young (38912K), 1 survivors (1024K)
 Metaspace       used 115366K, capacity 118548K, committed 118732K, reserved 1153024K
  class space    used 14785K, capacity 15959K, committed 16076K, reserved 1048576K
}
Event: 490.123 GC heap after
{Heap after GC invocations=51 (full 0):
 garbage-first heap   total 191488K, used 106113K [0x0000000080000000, 0x0000000100000000)
  region size 1024K, 5 young (5120K), 5 survivors (5120K)
 Metaspace       used 115366K, capacity 118548K, committed 118732K, reserved 1153024K
  class space    used 14785K, capacity 15959K, committed 16076K, reserved 1048576K
}
Event: 491.431 GC heap before
{Heap before GC invocations=52 (full 0):
 garbage-first heap   total 191488K, used 147073K [0x0000000080000000, 0x0000000100000000)
  region size 1024K, 42 young (43008K), 5 survivors (5120K)
 Metaspace       used 115396K, capacity 118548K, committed 118732K, reserved 1153024K
  class space    used 14785K, capacity 15959K, committed 16076K, reserved 1048576K
}
Event: 491.493 GC heap after
{Heap after GC invocations=53 (full 0):
 garbage-first heap   total 191488K, used 127102K [0x0000000080000000, 0x0000000100000000)
  region size 1024K, 6 young (6144K), 6 survivors (6144K)
 Metaspace       used 115396K, capacity 118548K, committed 118732K, reserved 1153024K
  class space    used 14785K, capacity 15959K, committed 16076K, reserved 1048576K
}
Event: 491.604 GC heap before
{Heap before GC invocations=53 (full 0):
 garbage-first heap   total 191488K, used 130174K [0x0000000080000000, 0x0000000100000000)
  region size 1024K, 9 young (9216K), 6 survivors (6144K)
 Metaspace       used 115407K, capacity 118548K, committed 118732K, reserved 1153024K
  class space    used 14785K, capacity 15959K, committed 16076K, reserved 1048576K
}
Event: 491.631 GC heap after
{Heap after GC invocations=54 (full 0):
 garbage-first heap   total 191488K, used 128000K [0x0000000080000000, 0x0000000100000000)
  region size 1024K, 1 young (1024K), 1 survivors (1024K)
 Metaspace       used 115407K, capacity 118548K, committed 118732K, reserved 1153024K
  class space    used 14785K, capacity 15959K, committed 16076K, reserved 1048576K
}
Event: 492.113 GC heap before
{Heap before GC invocations=54 (full 0):
 garbage-first heap   total 191488K, used 137216K [0x0000000080000000, 0x0000000100000000)
  region size 1024K, 12 young (12288K), 1 survivors (1024K)
 Metaspace       used 115410K, capacity 118548K, committed 118732K, reserved 1153024K
  class space    used 14785K, capacity 15959K, committed 16076K, reserved 1048576K
}
Event: 492.152 GC heap after
{Heap after GC invocations=55 (full 0):
 garbage-first heap   total 191488K, used 137031K [0x0000000080000000, 0x0000000100000000)
  region size 1024K, 4 young (4096K), 4 survivors (4096K)
 Metaspace       used 115410K, capacity 118548K, committed 118732K, reserved 1153024K
  class space    used 14785K, capacity 15959K, committed 16076K, reserved 1048576K
}
Event: 493.343 GC heap before
{Heap before GC invocations=56 (full 0):
 garbage-first heap   total 191488K, used 181063K [0x0000000080000000, 0x0000000100000000)
  region size 1024K, 21 young (21504K), 4 survivors (4096K)
 Metaspace       used 115576K, capacity 118738K, committed 118988K, reserved 1153024K
  class space    used 14791K, capacity 15970K, committed 16076K, reserved 1048576K
}
Event: 493.372 GC heap after
{Heap after GC invocations=57 (full 0):
 garbage-first heap   total 191488K, used 137829K [0x0000000080000000, 0x0000000100000000)
  region size 1024K, 2 young (2048K), 2 survivors (2048K)
 Metaspace       used 115576K, capacity 118738K, committed 118988K, reserved 1153024K
  class space    used 14791K, capacity 15970K, committed 16076K, reserved 1048576K
}
Event: 493.491 GC heap before
{Heap before GC invocations=57 (full 0):
 garbage-first heap   total 191488K, used 144997K [0x0000000080000000, 0x0000000100000000)
  region size 1024K, 9 young (9216K), 2 survivors (2048K)
 Metaspace       used 115579K, capacity 118739K, committed 118988K, reserved 1153024K
  class space    used 14791K, capacity 15970K, committed 16076K, reserved 1048576K
}
Event: 493.516 GC heap after
{Heap after GC invocations=58 (full 0):
 garbage-first heap   total 191488K, used 129983K [0x0000000080000000, 0x0000000100000000)
  region size 1024K, 1 young (1024K), 1 survivors (1024K)
 Metaspace       used 115579K, capacity 118739K, committed 118988K, reserved 1153024K
  class space    used 14791K, capacity 15970K, committed 16076K, reserved 1048576K
}
Event: 494.079 GC heap before
{Heap before GC invocations=58 (full 0):
 garbage-first heap   total 191488K, used 151487K [0x0000000080000000, 0x0000000100000000)
  region size 1024K, 22 young (22528K), 1 survivors (1024K)
 Metaspace       used 115595K, capacity 118742K, committed 118988K, reserved 1153024K
  class space    used 14791K, capacity 15970K, committed 16076K, reserved 1048576K
}
Event: 494.087 GC heap after
{Heap after GC invocations=59 (full 0):
 garbage-first heap   total 191488K, used 130230K [0x0000000080000000, 0x0000000100000000)
  region size 1024K, 1 young (1024K), 1 survivors (1024K)
 Metaspace       used 115595K, capacity 118742K, committed 118988K, reserved 1153024K
  class space    used 14791K, capacity 15970K, committed 16076K, reserved 1048576K
}

